c:\users\allu\documents\visual studio 2015\projects\sfml\sfml\debug\vc140.pdb
c:\users\allu\documents\visual studio 2015\projects\sfml\sfml\debug\vc140.idb
c:\users\allu\documents\visual studio 2015\projects\sfml\sfml\debug\main.obj
c:\users\allu\documents\visual studio 2015\projects\sfml\sfml\debug\player.obj
c:\users\allu\documents\visual studio 2015\projects\sfml\sfml\debug\animation.obj
c:\users\allu\documents\visual studio 2015\projects\sfml\sfml\debug\player.obj.enc
c:\users\allu\documents\visual studio 2015\projects\sfml\debug\sfml.pdb
c:\users\allu\documents\visual studio 2015\projects\sfml\sfml\debug\sfml.tlog\cl.command.1.tlog
c:\users\allu\documents\visual studio 2015\projects\sfml\sfml\debug\sfml.tlog\cl.read.1.tlog
c:\users\allu\documents\visual studio 2015\projects\sfml\sfml\debug\sfml.tlog\cl.write.1.tlog
c:\users\allu\documents\visual studio 2015\projects\sfml\sfml\debug\sfml.tlog\link-cvtres.read.1.tlog
c:\users\allu\documents\visual studio 2015\projects\sfml\sfml\debug\sfml.tlog\link-cvtres.write.1.tlog
c:\users\allu\documents\visual studio 2015\projects\sfml\sfml\debug\sfml.tlog\link-rc.read.1.tlog
c:\users\allu\documents\visual studio 2015\projects\sfml\sfml\debug\sfml.tlog\link-rc.write.1.tlog
c:\users\allu\documents\visual studio 2015\projects\sfml\sfml\debug\sfml.tlog\link.632-cvtres.read.1.tlog
c:\users\allu\documents\visual studio 2015\projects\sfml\sfml\debug\sfml.tlog\link.632-cvtres.write.1.tlog
c:\users\allu\documents\visual studio 2015\projects\sfml\sfml\debug\sfml.tlog\link.632-rc.read.1.tlog
c:\users\allu\documents\visual studio 2015\projects\sfml\sfml\debug\sfml.tlog\link.632-rc.write.1.tlog
c:\users\allu\documents\visual studio 2015\projects\sfml\sfml\debug\sfml.tlog\link.632.read.1.tlog
c:\users\allu\documents\visual studio 2015\projects\sfml\sfml\debug\sfml.tlog\link.632.write.1.tlog
c:\users\allu\documents\visual studio 2015\projects\sfml\sfml\debug\sfml.tlog\link.command.1.tlog
c:\users\allu\documents\visual studio 2015\projects\sfml\sfml\debug\sfml.tlog\link.read.1.tlog
c:\users\allu\documents\visual studio 2015\projects\sfml\sfml\debug\sfml.tlog\link.write.1.tlog
